#! /opt/homebrew/Cellar/icarus-verilog/12.0/bin/vvp
:ivl_version "12.0 (stable)";
:ivl_delay_selection "TYPICAL";
:vpi_time_precision + 0;
:vpi_module "/opt/homebrew/Cellar/icarus-verilog/12.0/lib/ivl/system.vpi";
:vpi_module "/opt/homebrew/Cellar/icarus-verilog/12.0/lib/ivl/vhdl_sys.vpi";
:vpi_module "/opt/homebrew/Cellar/icarus-verilog/12.0/lib/ivl/vhdl_textio.vpi";
:vpi_module "/opt/homebrew/Cellar/icarus-verilog/12.0/lib/ivl/v2005_math.vpi";
:vpi_module "/opt/homebrew/Cellar/icarus-verilog/12.0/lib/ivl/va_math.vpi";
S_0x14a6143b0 .scope module, "test" "test" 2 1;
 .timescale 0 0;
v0x14a62c320_0 .net "binary_actual", 2 0, L_0x14a62e180;  1 drivers
v0x14a62c3e0_0 .var "clk", 0 0;
v0x14a62c480_0 .net "onehot_actual", 4 0, L_0x14a62e220;  1 drivers
v0x14a62c510_0 .var "reset", 0 0;
v0x14a62c5a0_0 .var "w", 0 0;
v0x14a62c6b0_0 .net "z_binary", 0 0, L_0x14a62e300;  1 drivers
v0x14a62c740_0 .net "z_onehot", 0 0, L_0x14a62e3c0;  1 drivers
L_0x14a62e180 .part L_0x14a62e500, 7, 3;
L_0x14a62e220 .part L_0x14a62e500, 2, 5;
L_0x14a62e300 .part L_0x14a62e500, 1, 1;
L_0x14a62e3c0 .part L_0x14a62e500, 0, 1;
S_0x14a614520 .scope autotask, "check_state" "check_state" 2 51, 2 51 0, S_0x14a6143b0;
 .timescale 0 0;
v0x14a6136d0_0 .var "expected_state", 2 0;
v0x14a627ed0_0 .var "expected_z", 0 0;
TD_test.check_state ;
    %alloc S_0x14a627f70;
    %load/vec4 v0x14a6136d0_0;
    %store/vec4 v0x14a628130_0, 0, 3;
    %load/vec4 v0x14a627ed0_0;
    %store/vec4 v0x14a6281d0_0, 0, 1;
    %fork TD_test.check_state_bn, S_0x14a627f70;
    %join;
    %free S_0x14a627f70;
    %end;
S_0x14a627f70 .scope autotask, "check_state_bn" "check_state_bn" 2 38, 2 38 0, S_0x14a6143b0;
 .timescale 0 0;
v0x14a628130_0 .var "expected_state", 2 0;
v0x14a6281d0_0 .var "expected_z", 0 0;
TD_test.check_state_bn ;
    %load/vec4 v0x14a62c6b0_0;
    %load/vec4 v0x14a6281d0_0;
    %cmp/ne;
    %jmp/0xz  T_1.0, 6;
    %vpi_call 2 41 "$display", "FAILED Binary Check. Expected output %b, found %b", v0x14a6281d0_0, v0x14a62c6b0_0 {0 0 0};
T_1.0 ;
    %load/vec4 v0x14a628130_0;
    %load/vec4 v0x14a62c320_0;
    %cmp/ne;
    %jmp/0xz  T_1.2, 6;
    %vpi_call 2 45 "$display", "FAILED Binary Check. Expected state %b, found %b", v0x14a628130_0, v0x14a62c320_0 {0 0 0};
T_1.2 ;
    %end;
S_0x14a628270 .scope autotask, "check_state_oh" "check_state_oh" 2 25, 2 25 0, S_0x14a6143b0;
 .timescale 0 0;
v0x14a628450_0 .var "expected_state", 2 0;
v0x14a628500_0 .var "expected_z", 0 0;
TD_test.check_state_oh ;
    %load/vec4 v0x14a62c740_0;
    %load/vec4 v0x14a628500_0;
    %cmp/ne;
    %jmp/0xz  T_2.4, 6;
    %vpi_call 2 28 "$display", "FAILED OneHot Check. Expected output %b, found %b", v0x14a628500_0, v0x14a62c740_0 {0 0 0};
T_2.4 ;
    %pushi/vec4 1, 0, 32;
    %ix/getv 4, v0x14a628450_0;
    %shiftl 4;
    %load/vec4 v0x14a62c480_0;
    %pad/u 32;
    %cmp/ne;
    %jmp/0xz  T_2.6, 6;
    %pushi/vec4 1, 0, 32;
    %ix/getv 4, v0x14a628450_0;
    %shiftl 4;
    %vpi_call 2 32 "$display", "FAILED OneHot Check. Expected state %b, found %b", S<0,vec4,s32>, v0x14a62c480_0 {1 0 0};
T_2.6 ;
    %end;
S_0x14a6285a0 .scope autotask, "do_reset" "do_reset" 2 58, 2 58 0, S_0x14a6143b0;
 .timescale 0 0;
TD_test.do_reset ;
    %pushi/vec4 0, 0, 1;
    %store/vec4 v0x14a62c3e0_0, 0, 1;
    %pushi/vec4 0, 0, 1;
    %store/vec4 v0x14a62c5a0_0, 0, 1;
    %delay 1, 0;
    %pushi/vec4 1, 0, 1;
    %store/vec4 v0x14a62c510_0, 0, 1;
    %delay 1, 0;
    %pushi/vec4 0, 0, 1;
    %store/vec4 v0x14a62c510_0, 0, 1;
    %end;
S_0x14a628760 .scope autotask, "next_state" "next_state" 2 67, 2 67 0, S_0x14a6143b0;
 .timescale 0 0;
v0x14a628960_0 .var "nextw", 0 0;
TD_test.next_state ;
    %load/vec4 v0x14a628960_0;
    %store/vec4 v0x14a62c5a0_0, 0, 1;
    %alloc S_0x14a628a10;
    %fork TD_test.toggle_clock, S_0x14a628a10;
    %join;
    %free S_0x14a628a10;
    %end;
S_0x14a628a10 .scope autotask, "toggle_clock" "toggle_clock" 2 18, 2 18 0, S_0x14a6143b0;
 .timescale 0 0;
TD_test.toggle_clock ;
    %delay 1, 0;
    %pushi/vec4 1, 0, 1;
    %store/vec4 v0x14a62c3e0_0, 0, 1;
    %delay 1, 0;
    %pushi/vec4 0, 0, 1;
    %store/vec4 v0x14a62c3e0_0, 0, 1;
    %end;
S_0x14a628bd0 .scope module, "uut" "top" 2 11, 3 1 0, S_0x14a6143b0;
 .timescale 0 0;
    .port_info 0 /INPUT 1 "sw";
    .port_info 1 /OUTPUT 10 "led";
    .port_info 2 /INPUT 1 "btnC";
    .port_info 3 /INPUT 1 "btnU";
L_0x1400400e8 .functor BUFT 1, C4<z>, C4<0>, C4<0>, C4<0>;
v0x14a62be90_0 .net *"_ivl_6", 0 0, L_0x1400400e8;  1 drivers
o0x140008ca0 .functor BUFZ 5, C4<zzzzz>; HiZ drive
; Elide local net with no drivers, v0x14a62bf20_0 name=_ivl_8
v0x14a62bfc0_0 .net "btnC", 0 0, v0x14a62c3e0_0;  1 drivers
v0x14a62c0d0_0 .net "btnU", 0 0, v0x14a62c510_0;  1 drivers
v0x14a62c1e0_0 .net "led", 9 0, L_0x14a62e500;  1 drivers
v0x14a62c270_0 .net "sw", 0 0, v0x14a62c5a0_0;  1 drivers
L_0x14a62e500 .concat [ 1 1 5 3], L_0x1400400e8, v0x14a62be00_0, o0x140008ca0, v0x14a62b990_0;
S_0x14a628df0 .scope module, "binary" "binary_sm" 3 9, 4 1 0, S_0x14a628bd0;
 .timescale 0 0;
    .port_info 0 /INPUT 1 "w";
    .port_info 1 /INPUT 1 "clk";
    .port_info 2 /INPUT 1 "reset";
    .port_info 3 /OUTPUT 1 "z";
    .port_info 4 /OUTPUT 3 "state";
L_0x14a62c7d0 .functor AND 1, v0x14a62c5a0_0, v0x14a62a160_0, C4<1>, C4<1>;
L_0x14a62c8a0 .functor AND 1, v0x14a62c5a0_0, v0x14a629b30_0, C4<1>, C4<1>;
L_0x14a62c9b0 .functor AND 1, L_0x14a62c8a0, v0x14a629510_0, C4<1>, C4<1>;
L_0x14a62cac0 .functor OR 1, L_0x14a62c7d0, L_0x14a62c9b0, C4<0>, C4<0>;
L_0x14a62cbf0 .functor XOR 1, v0x14a629510_0, v0x14a629b30_0, C4<0>, C4<0>;
L_0x14a62cc90 .functor NOT 1, v0x14a62a160_0, C4<0>, C4<0>, C4<0>;
L_0x14a62cd00 .functor AND 1, v0x14a62c5a0_0, L_0x14a62cc90, C4<1>, C4<1>;
L_0x14a62ce10 .functor NOT 1, v0x14a629b30_0, C4<0>, C4<0>, C4<0>;
L_0x14a62cf00 .functor AND 1, L_0x14a62cd00, L_0x14a62ce10, C4<1>, C4<1>;
L_0x14a62d020 .functor OR 1, L_0x14a62cbf0, L_0x14a62cf00, C4<0>, C4<0>;
L_0x14a62d110 .functor NOT 1, v0x14a62c5a0_0, C4<0>, C4<0>, C4<0>;
L_0x14a62d1e0 .functor NOT 1, v0x14a629510_0, C4<0>, C4<0>, C4<0>;
L_0x14a62d2d0 .functor AND 1, L_0x14a62d110, L_0x14a62d1e0, C4<1>, C4<1>;
L_0x14a62d3b0 .functor NOT 1, v0x14a629b30_0, C4<0>, C4<0>, C4<0>;
L_0x14a62d420 .functor AND 1, L_0x14a62d2d0, L_0x14a62d3b0, C4<1>, C4<1>;
L_0x14a62d340 .functor NOT 1, v0x14a62c5a0_0, C4<0>, C4<0>, C4<0>;
L_0x14a62d550 .functor AND 1, L_0x14a62d340, v0x14a629510_0, C4<1>, C4<1>;
L_0x14a62d6b0 .functor AND 1, L_0x14a62d550, v0x14a629b30_0, C4<1>, C4<1>;
L_0x14a62d740 .functor OR 1, L_0x14a62d420, L_0x14a62d6b0, C4<0>, C4<0>;
L_0x14a62d8d0 .functor NOT 1, v0x14a62a160_0, C4<0>, C4<0>, C4<0>;
L_0x14a62d940 .functor AND 1, v0x14a62c5a0_0, L_0x14a62d8d0, C4<1>, C4<1>;
L_0x14a62c930 .functor NOT 1, v0x14a629b30_0, C4<0>, C4<0>, C4<0>;
L_0x14a62d830 .functor AND 1, L_0x14a62d940, L_0x14a62c930, C4<1>, C4<1>;
L_0x14a62dcc0 .functor OR 1, L_0x14a62d740, L_0x14a62d830, C4<0>, C4<0>;
L_0x14a62dd30 .functor AND 1, v0x14a62c5a0_0, v0x14a629b30_0, C4<1>, C4<1>;
L_0x14a62ce80 .functor NOT 1, v0x14a629510_0, C4<0>, C4<0>, C4<0>;
L_0x14a62dc00 .functor AND 1, L_0x14a62dd30, L_0x14a62ce80, C4<1>, C4<1>;
L_0x14a62e0d0 .functor OR 1, L_0x14a62dcc0, L_0x14a62dc00, C4<0>, C4<0>;
v0x14a62a430_0 .net "Y1", 0 0, L_0x14a62e0d0;  1 drivers
v0x14a62a4e0_0 .net "Y2", 0 0, L_0x14a62d020;  1 drivers
v0x14a62a570_0 .net "Y3", 0 0, L_0x14a62cac0;  1 drivers
v0x14a62a620_0 .net *"_ivl_0", 0 0, L_0x14a62c7d0;  1 drivers
v0x14a62a6b0_0 .net *"_ivl_10", 0 0, L_0x14a62cc90;  1 drivers
v0x14a62a780_0 .net *"_ivl_12", 0 0, L_0x14a62cd00;  1 drivers
v0x14a62a830_0 .net *"_ivl_14", 0 0, L_0x14a62ce10;  1 drivers
v0x14a62a8e0_0 .net *"_ivl_16", 0 0, L_0x14a62cf00;  1 drivers
v0x14a62a990_0 .net *"_ivl_2", 0 0, L_0x14a62c8a0;  1 drivers
v0x14a62aaa0_0 .net *"_ivl_20", 0 0, L_0x14a62d110;  1 drivers
v0x14a62ab50_0 .net *"_ivl_22", 0 0, L_0x14a62d1e0;  1 drivers
v0x14a62ac00_0 .net *"_ivl_24", 0 0, L_0x14a62d2d0;  1 drivers
v0x14a62acb0_0 .net *"_ivl_26", 0 0, L_0x14a62d3b0;  1 drivers
v0x14a62ad60_0 .net *"_ivl_28", 0 0, L_0x14a62d420;  1 drivers
v0x14a62ae10_0 .net *"_ivl_30", 0 0, L_0x14a62d340;  1 drivers
v0x14a62aec0_0 .net *"_ivl_32", 0 0, L_0x14a62d550;  1 drivers
v0x14a62af70_0 .net *"_ivl_34", 0 0, L_0x14a62d6b0;  1 drivers
v0x14a62b100_0 .net *"_ivl_36", 0 0, L_0x14a62d740;  1 drivers
v0x14a62b190_0 .net *"_ivl_38", 0 0, L_0x14a62d8d0;  1 drivers
v0x14a62b240_0 .net *"_ivl_4", 0 0, L_0x14a62c9b0;  1 drivers
v0x14a62b2f0_0 .net *"_ivl_40", 0 0, L_0x14a62d940;  1 drivers
v0x14a62b3a0_0 .net *"_ivl_42", 0 0, L_0x14a62c930;  1 drivers
v0x14a62b450_0 .net *"_ivl_44", 0 0, L_0x14a62d830;  1 drivers
v0x14a62b500_0 .net *"_ivl_46", 0 0, L_0x14a62dcc0;  1 drivers
v0x14a62b5b0_0 .net *"_ivl_48", 0 0, L_0x14a62dd30;  1 drivers
v0x14a62b660_0 .net *"_ivl_50", 0 0, L_0x14a62ce80;  1 drivers
v0x14a62b710_0 .net *"_ivl_52", 0 0, L_0x14a62dc00;  1 drivers
v0x14a62b7c0_0 .net *"_ivl_8", 0 0, L_0x14a62cbf0;  1 drivers
v0x14a62b870_0 .net "clk", 0 0, v0x14a62c3e0_0;  alias, 1 drivers
v0x14a62b900_0 .net "reset", 0 0, v0x14a62c510_0;  alias, 1 drivers
v0x14a62b990_0 .var "state", 2 0;
v0x14a62ba40_0 .net "w", 0 0, v0x14a62c5a0_0;  alias, 1 drivers
v0x14a62bae0_0 .net "y1", 0 0, v0x14a629510_0;  1 drivers
v0x14a62b020_0 .net "y2", 0 0, v0x14a629b30_0;  1 drivers
v0x14a62bd70_0 .net "y3", 0 0, v0x14a62a160_0;  1 drivers
v0x14a62be00_0 .var "z", 0 0;
E_0x14a629070 .event anyedge, v0x14a62a160_0, v0x14a629b30_0, v0x14a629510_0;
S_0x14a6290e0 .scope module, "dff1" "dff" 4 18, 5 1 0, S_0x14a628df0;
 .timescale 0 0;
    .port_info 0 /INPUT 1 "Default";
    .port_info 1 /INPUT 1 "D";
    .port_info 2 /INPUT 1 "clk";
    .port_info 3 /INPUT 1 "reset";
    .port_info 4 /OUTPUT 1 "Q";
v0x14a6293c0_0 .net "D", 0 0, L_0x14a62e0d0;  alias, 1 drivers
L_0x140040010 .functor BUFT 1, C4<0>, C4<0>, C4<0>, C4<0>;
v0x14a629470_0 .net "Default", 0 0, L_0x140040010;  1 drivers
v0x14a629510_0 .var "Q", 0 0;
v0x14a6295c0_0 .net "clk", 0 0, v0x14a62c3e0_0;  alias, 1 drivers
v0x14a629660_0 .net "reset", 0 0, v0x14a62c510_0;  alias, 1 drivers
E_0x14a629360 .event posedge, v0x14a629660_0, v0x14a6295c0_0;
S_0x14a6297c0 .scope module, "dff2" "dff" 4 26, 5 1 0, S_0x14a628df0;
 .timescale 0 0;
    .port_info 0 /INPUT 1 "Default";
    .port_info 1 /INPUT 1 "D";
    .port_info 2 /INPUT 1 "clk";
    .port_info 3 /INPUT 1 "reset";
    .port_info 4 /OUTPUT 1 "Q";
v0x14a629a00_0 .net "D", 0 0, L_0x14a62d020;  alias, 1 drivers
L_0x140040058 .functor BUFT 1, C4<0>, C4<0>, C4<0>, C4<0>;
v0x14a629a90_0 .net "Default", 0 0, L_0x140040058;  1 drivers
v0x14a629b30_0 .var "Q", 0 0;
v0x14a629be0_0 .net "clk", 0 0, v0x14a62c3e0_0;  alias, 1 drivers
v0x14a629c90_0 .net "reset", 0 0, v0x14a62c510_0;  alias, 1 drivers
S_0x14a629dc0 .scope module, "dff3" "dff" 4 34, 5 1 0, S_0x14a628df0;
 .timescale 0 0;
    .port_info 0 /INPUT 1 "Default";
    .port_info 1 /INPUT 1 "D";
    .port_info 2 /INPUT 1 "clk";
    .port_info 3 /INPUT 1 "reset";
    .port_info 4 /OUTPUT 1 "Q";
v0x14a62a020_0 .net "D", 0 0, L_0x14a62cac0;  alias, 1 drivers
L_0x1400400a0 .functor BUFT 1, C4<0>, C4<0>, C4<0>, C4<0>;
v0x14a62a0c0_0 .net "Default", 0 0, L_0x1400400a0;  1 drivers
v0x14a62a160_0 .var "Q", 0 0;
v0x14a62a210_0 .net "clk", 0 0, v0x14a62c3e0_0;  alias, 1 drivers
v0x14a62a2e0_0 .net "reset", 0 0, v0x14a62c510_0;  alias, 1 drivers
    .scope S_0x14a6290e0;
T_6 ;
    %load/vec4 v0x14a629470_0;
    %assign/vec4 v0x14a629510_0, 0;
    %end;
    .thread T_6;
    .scope S_0x14a6290e0;
T_7 ;
    %wait E_0x14a629360;
    %load/vec4 v0x14a629660_0;
    %flag_set/vec4 8;
    %jmp/0xz  T_7.0, 8;
    %load/vec4 v0x14a629470_0;
    %assign/vec4 v0x14a629510_0, 0;
    %jmp T_7.1;
T_7.0 ;
    %load/vec4 v0x14a6293c0_0;
    %assign/vec4 v0x14a629510_0, 0;
T_7.1 ;
    %jmp T_7;
    .thread T_7;
    .scope S_0x14a6297c0;
T_8 ;
    %load/vec4 v0x14a629a90_0;
    %assign/vec4 v0x14a629b30_0, 0;
    %end;
    .thread T_8;
    .scope S_0x14a6297c0;
T_9 ;
    %wait E_0x14a629360;
    %load/vec4 v0x14a629c90_0;
    %flag_set/vec4 8;
    %jmp/0xz  T_9.0, 8;
    %load/vec4 v0x14a629a90_0;
    %assign/vec4 v0x14a629b30_0, 0;
    %jmp T_9.1;
T_9.0 ;
    %load/vec4 v0x14a629a00_0;
    %assign/vec4 v0x14a629b30_0, 0;
T_9.1 ;
    %jmp T_9;
    .thread T_9;
    .scope S_0x14a629dc0;
T_10 ;
    %load/vec4 v0x14a62a0c0_0;
    %assign/vec4 v0x14a62a160_0, 0;
    %end;
    .thread T_10;
    .scope S_0x14a629dc0;
T_11 ;
    %wait E_0x14a629360;
    %load/vec4 v0x14a62a2e0_0;
    %flag_set/vec4 8;
    %jmp/0xz  T_11.0, 8;
    %load/vec4 v0x14a62a0c0_0;
    %assign/vec4 v0x14a62a160_0, 0;
    %jmp T_11.1;
T_11.0 ;
    %load/vec4 v0x14a62a020_0;
    %assign/vec4 v0x14a62a160_0, 0;
T_11.1 ;
    %jmp T_11;
    .thread T_11;
    .scope S_0x14a628df0;
T_12 ;
    %pushi/vec4 0, 0, 3;
    %store/vec4 v0x14a62b990_0, 0, 3;
    %pushi/vec4 0, 0, 1;
    %store/vec4 v0x14a62be00_0, 0, 1;
    %end;
    .thread T_12;
    .scope S_0x14a628df0;
T_13 ;
    %wait E_0x14a629360;
    %load/vec4 v0x14a62b900_0;
    %flag_set/vec4 8;
    %jmp/0xz  T_13.0, 8;
    %pushi/vec4 0, 0, 3;
    %assign/vec4 v0x14a62b990_0, 0;
T_13.0 ;
    %load/vec4 v0x14a62bd70_0;
    %load/vec4 v0x14a62bae0_0;
    %inv;
    %load/vec4 v0x14a62b020_0;
    %and;
    %or;
    %assign/vec4 v0x14a62be00_0, 0;
    %jmp T_13;
    .thread T_13;
    .scope S_0x14a628df0;
T_14 ;
    %wait E_0x14a629070;
    %load/vec4 v0x14a62bd70_0;
    %load/vec4 v0x14a62b020_0;
    %concat/vec4; draw_concat_vec4
    %load/vec4 v0x14a62bae0_0;
    %concat/vec4; draw_concat_vec4
    %assign/vec4 v0x14a62b990_0, 0;
    %jmp T_14;
    .thread T_14, $push;
    .scope S_0x14a6143b0;
T_15 ;
    %vpi_call 2 75 "$dumpvars", 32'sb00000000000000000000000000000000, S_0x14a6143b0 {0 0 0};
    %alloc S_0x14a6285a0;
    %fork TD_test.do_reset, S_0x14a6285a0;
    %join;
    %free S_0x14a6285a0;
    %alloc S_0x14a614520;
    %pushi/vec4 0, 0, 3;
    %store/vec4 v0x14a6136d0_0, 0, 3;
    %pushi/vec4 0, 0, 1;
    %store/vec4 v0x14a627ed0_0, 0, 1;
    %fork TD_test.check_state, S_0x14a614520;
    %join;
    %free S_0x14a614520;
    %alloc S_0x14a628760;
    %pushi/vec4 0, 0, 1;
    %store/vec4 v0x14a628960_0, 0, 1;
    %fork TD_test.next_state, S_0x14a628760;
    %join;
    %free S_0x14a628760;
    %alloc S_0x14a614520;
    %pushi/vec4 1, 0, 3;
    %store/vec4 v0x14a6136d0_0, 0, 3;
    %pushi/vec4 0, 0, 1;
    %store/vec4 v0x14a627ed0_0, 0, 1;
    %fork TD_test.check_state, S_0x14a614520;
    %join;
    %free S_0x14a614520;
    %alloc S_0x14a628760;
    %pushi/vec4 0, 0, 1;
    %store/vec4 v0x14a628960_0, 0, 1;
    %fork TD_test.next_state, S_0x14a628760;
    %join;
    %free S_0x14a628760;
    %alloc S_0x14a614520;
    %pushi/vec4 2, 0, 3;
    %store/vec4 v0x14a6136d0_0, 0, 3;
    %pushi/vec4 0, 0, 1;
    %store/vec4 v0x14a627ed0_0, 0, 1;
    %fork TD_test.check_state, S_0x14a614520;
    %join;
    %free S_0x14a614520;
    %vpi_call 2 86 "$finish" {0 0 0};
    %alloc S_0x14a628760;
    %pushi/vec4 0, 0, 1;
    %store/vec4 v0x14a628960_0, 0, 1;
    %fork TD_test.next_state, S_0x14a628760;
    %join;
    %free S_0x14a628760;
    %alloc S_0x14a614520;
    %pushi/vec4 1, 0, 3;
    %store/vec4 v0x14a6136d0_0, 0, 3;
    %pushi/vec4 0, 0, 1;
    %store/vec4 v0x14a627ed0_0, 0, 1;
    %fork TD_test.check_state, S_0x14a614520;
    %join;
    %free S_0x14a614520;
    %alloc S_0x14a628760;
    %pushi/vec4 0, 0, 1;
    %store/vec4 v0x14a628960_0, 0, 1;
    %fork TD_test.next_state, S_0x14a628760;
    %join;
    %free S_0x14a628760;
    %alloc S_0x14a614520;
    %pushi/vec4 2, 0, 3;
    %store/vec4 v0x14a6136d0_0, 0, 3;
    %pushi/vec4 1, 0, 1;
    %store/vec4 v0x14a627ed0_0, 0, 1;
    %fork TD_test.check_state, S_0x14a614520;
    %join;
    %free S_0x14a614520;
    %alloc S_0x14a628760;
    %pushi/vec4 0, 0, 1;
    %store/vec4 v0x14a628960_0, 0, 1;
    %fork TD_test.next_state, S_0x14a628760;
    %join;
    %free S_0x14a628760;
    %alloc S_0x14a614520;
    %pushi/vec4 2, 0, 3;
    %store/vec4 v0x14a6136d0_0, 0, 3;
    %pushi/vec4 1, 0, 1;
    %store/vec4 v0x14a627ed0_0, 0, 1;
    %fork TD_test.check_state, S_0x14a614520;
    %join;
    %free S_0x14a614520;
    %alloc S_0x14a628760;
    %pushi/vec4 1, 0, 1;
    %store/vec4 v0x14a628960_0, 0, 1;
    %fork TD_test.next_state, S_0x14a628760;
    %join;
    %free S_0x14a628760;
    %alloc S_0x14a614520;
    %pushi/vec4 3, 0, 3;
    %store/vec4 v0x14a6136d0_0, 0, 3;
    %pushi/vec4 0, 0, 1;
    %store/vec4 v0x14a627ed0_0, 0, 1;
    %fork TD_test.check_state, S_0x14a614520;
    %join;
    %free S_0x14a614520;
    %alloc S_0x14a628760;
    %pushi/vec4 1, 0, 1;
    %store/vec4 v0x14a628960_0, 0, 1;
    %fork TD_test.next_state, S_0x14a628760;
    %join;
    %free S_0x14a628760;
    %alloc S_0x14a614520;
    %pushi/vec4 4, 0, 3;
    %store/vec4 v0x14a6136d0_0, 0, 3;
    %pushi/vec4 1, 0, 1;
    %store/vec4 v0x14a627ed0_0, 0, 1;
    %fork TD_test.check_state, S_0x14a614520;
    %join;
    %free S_0x14a614520;
    %alloc S_0x14a628760;
    %pushi/vec4 1, 0, 1;
    %store/vec4 v0x14a628960_0, 0, 1;
    %fork TD_test.next_state, S_0x14a628760;
    %join;
    %free S_0x14a628760;
    %alloc S_0x14a614520;
    %pushi/vec4 4, 0, 3;
    %store/vec4 v0x14a6136d0_0, 0, 3;
    %pushi/vec4 1, 0, 1;
    %store/vec4 v0x14a627ed0_0, 0, 1;
    %fork TD_test.check_state, S_0x14a614520;
    %join;
    %free S_0x14a614520;
    %alloc S_0x14a628760;
    %pushi/vec4 0, 0, 1;
    %store/vec4 v0x14a628960_0, 0, 1;
    %fork TD_test.next_state, S_0x14a628760;
    %join;
    %free S_0x14a628760;
    %alloc S_0x14a614520;
    %pushi/vec4 1, 0, 3;
    %store/vec4 v0x14a6136d0_0, 0, 3;
    %pushi/vec4 0, 0, 1;
    %store/vec4 v0x14a627ed0_0, 0, 1;
    %fork TD_test.check_state, S_0x14a614520;
    %join;
    %free S_0x14a614520;
    %alloc S_0x14a628760;
    %pushi/vec4 1, 0, 1;
    %store/vec4 v0x14a628960_0, 0, 1;
    %fork TD_test.next_state, S_0x14a628760;
    %join;
    %free S_0x14a628760;
    %alloc S_0x14a614520;
    %pushi/vec4 3, 0, 3;
    %store/vec4 v0x14a6136d0_0, 0, 3;
    %pushi/vec4 0, 0, 1;
    %store/vec4 v0x14a627ed0_0, 0, 1;
    %fork TD_test.check_state, S_0x14a614520;
    %join;
    %free S_0x14a614520;
    %alloc S_0x14a628760;
    %pushi/vec4 0, 0, 1;
    %store/vec4 v0x14a628960_0, 0, 1;
    %fork TD_test.next_state, S_0x14a628760;
    %join;
    %free S_0x14a628760;
    %alloc S_0x14a614520;
    %pushi/vec4 1, 0, 3;
    %store/vec4 v0x14a6136d0_0, 0, 3;
    %pushi/vec4 0, 0, 1;
    %store/vec4 v0x14a627ed0_0, 0, 1;
    %fork TD_test.check_state, S_0x14a614520;
    %join;
    %free S_0x14a614520;
    %alloc S_0x14a6285a0;
    %fork TD_test.do_reset, S_0x14a6285a0;
    %join;
    %free S_0x14a6285a0;
    %alloc S_0x14a628760;
    %pushi/vec4 1, 0, 1;
    %store/vec4 v0x14a628960_0, 0, 1;
    %fork TD_test.next_state, S_0x14a628760;
    %join;
    %free S_0x14a628760;
    %alloc S_0x14a614520;
    %pushi/vec4 3, 0, 3;
    %store/vec4 v0x14a6136d0_0, 0, 3;
    %pushi/vec4 0, 0, 1;
    %store/vec4 v0x14a627ed0_0, 0, 1;
    %fork TD_test.check_state, S_0x14a614520;
    %join;
    %free S_0x14a614520;
    %vpi_call 2 120 "$display", "Test passed!" {0 0 0};
    %vpi_call 2 121 "$finish" {0 0 0};
    %end;
    .thread T_15;
# The file index is used to find the file name in the following table.
:file_names 6;
    "N/A";
    "<interactive>";
    "test.v";
    "top.v";
    "binary.v";
    "dff.v";
